sk_fixture 2a72b1fe25dca7d93490996e619e10eae648a8a283c02d2fc39c22c02d98fd3a
pk_H_digest 0558ba703888aa8017fcb338bee87b660fe829af5d3940b9e893b4c838ff4eb7
canon_tag 12804875871071390782
CASE val=0 depth=0
ct_digest dc0cea7851d43b47ec31c8938096f74273840a17da7bc8fcb3897641a38cc5c9
R_cores_digest 8d616e32764cbf1a4aa820221e07f79cde152677ee82a7a3cbfc33e73f0ca9a2
numerators_digest 3400a376ab7859e01d9f229b3625e7139f0cbc8f84396ed4927f9af9591ddd55
dec_lo=0 dec_hi=0
edges=44 layers=2
CASE val=0 depth=2
ct_digest 0b0bae004a3f5f2bb2597584770778f2845be69dde5d479279a9b7d0576d0a32
R_cores_digest bbb30b7df568a1e5930e084a004745e1bffeba902bd0cffa9f3f57672499cac0
numerators_digest 931f4384e9c0c611d27cb71392bd372f357e9620b2a305d7fb0770b41f0abc3f
dec_lo=0 dec_hi=0
edges=47 layers=2
CASE val=0 depth=10
ct_digest dc60c0d434340aaf3a406c2114669cc8cafc47886e5978020b80945c59075515
R_cores_digest 120bc40f3c40d1f4ed0e034e7076504fad85fa295afbd43817ec3b31445329ab
numerators_digest b1dd7844bb0862dd33ca6f8b0a3589702781d06cca6a8acc1ac78ba3974ea27f
dec_lo=0 dec_hi=0
edges=81 layers=2
CASE val=0 depth=22
ct_digest 191a04d37fc90f0264c492dee9a389c10eb77f8458c29d6f821d4e321361b3ec
R_cores_digest 3e08063f94f468a783207be22ea4a69992ddc60731117a71d85315f850db10b5
numerators_digest b3da4f9021c70c4b3602ca613e4458cd7d1af559cc50c5772257000041fdbc99
dec_lo=0 dec_hi=0
edges=119 layers=2
CASE val=1 depth=0
ct_digest bf51ec70975735a0b3d994eeb47e7454d2c74fabf97dfab8a3ed3d9a24c53cdb
R_cores_digest 4a592e9310bb7b08eb7844f1258b7b48acb14298faac4e4ef22160e7891e6981
numerators_digest fde0574c0412b6637b11abe32aa9e37d3e49e5bd64c916a19b306f7645de761a
dec_lo=1 dec_hi=0
edges=44 layers=2
CASE val=1 depth=2
ct_digest 8221f2296a709b735b02229ee051eecdfc6fe96029d1cd145a67d0c71e7d5b98
R_cores_digest dc21585c19837d5eb066d4c26c3945e745993625cda480951d8f899e160e4b1d
numerators_digest 2bd4d1e24fc6289f01d7e0530d2bc7fd12aca46c6b7bdcbefa9f6331f19518c8
dec_lo=1 dec_hi=0
edges=45 layers=2
CASE val=1 depth=10
ct_digest de297218e45b7e180d1d999ce55022bf23e93f8aa36e8b928fe19093d20c215f
R_cores_digest f039e35c64efe276ab05afe165ae169afa02fbc8cf903d10f2896704e8e65bb5
numerators_digest 916802a6acfb42fa48c4304ed9f4ccdddcdace0fc0c35cae2e3e155d9470476c
dec_lo=1 dec_hi=0
edges=80 layers=2
CASE val=1 depth=22
ct_digest 9aaf106ef5cd69d1cc2e60227d36b3802e69421e7ed13c526a55f4277208afd1
R_cores_digest dabf595c23a3a0b83fd492d8e4131e95dfa3e06e9c0f6f1e734562707b21fe5f
numerators_digest 0e8025fcc8091652b34f249c8285c9162db33b3163885d2b53fca42935640cb8
dec_lo=1 dec_hi=0
edges=121 layers=2
CASE val=337 depth=0
ct_digest a67a61958926e839c609a7cc70df03d22321364a8f1c388525d12271af061235
R_cores_digest b022d7bb8e6a4ca0f47c7687d389f525828100b43e1ba98ec7d3d89b74cc578c
numerators_digest 5a85ff3518c49b1acf38a057d7a2a0927118f902b8de92f35a912bc8256bb54e
dec_lo=337 dec_hi=0
edges=41 layers=2
CASE val=337 depth=2
ct_digest 35db10b46c043f136dd4bf28d8bb3f7b5f60098e9c6179f625d322a566c93631
R_cores_digest 306b1bbcfba4875fd8b1364ea20546b4b88ed89c7e1727b7aad1b36a78254078
numerators_digest 328e8ba2aa80bc778bbdb77c76efcd2a998ec2da6669903afd6468acc04ce48f
dec_lo=337 dec_hi=0
edges=47 layers=2
CASE val=337 depth=10
ct_digest e324fcea37afadc9f1ff5e8d550bfe1015dc93930406adabd21a916c4f57c297
R_cores_digest 8a38e8fb5e79a59afcab4247da3205aac0c6453628abb45708880591126c8e4f
numerators_digest ed002910ee61a09cef29d99228f9396d0b64c05775f33791b1eb65073ebe0289
dec_lo=337 dec_hi=0
edges=80 layers=2
CASE val=337 depth=22
ct_digest 73b53db2a10da3666235acb37c65904af3f6a8d165dade71ae03a732efea8a1e
R_cores_digest 0549c56bc739f9ad286c048ed35285c22163495064e4c121389c9da4810ebffb
numerators_digest 2d9f00ce2c9903590852dbfcbe35e3ea3594d561ce610dbb622f616e6647ba3f
dec_lo=337 dec_hi=0
edges=119 layers=2
CASE val=18446744073709551615 depth=0
ct_digest 0b2e3116fe0bc042b3d5c31233a4d7b8f1546595d021e84f29d9d3486b19f2ff
R_cores_digest 706af2bdae22da31d5f5da54001ddf8e48dbc25628a46713f0ff66522033d747
numerators_digest 19d3a8297399f3b13eaa8c146c774f12260a8e4c7ac7688cf2bec620019ceb36
dec_lo=18446744073709551615 dec_hi=0
edges=44 layers=2
CASE val=18446744073709551615 depth=2
ct_digest e32606636c990fe71266d8c93014b8586b00b979474714da0efcef038048269d
R_cores_digest e04ef9c4340a4f7038307449d94738d3c671779df59b20b8e67781c272f961b7
numerators_digest fab80fde8c8b173899b298288d97a70cb450f1947048365e0bd720b335e76d45
dec_lo=18446744073709551615 dec_hi=0
edges=47 layers=2
CASE val=18446744073709551615 depth=10
ct_digest cf4ffb69e959b425d4d54322f60ebca3787b85591115cd1b97599f066d779102
R_cores_digest d3f85d8521b7a40b7d554a5ae505814c733ec5ec41b20b597a30b49645c94a8d
numerators_digest c804b5f4f32f8fc6caca36dffc051c7205aa7d12a10b7ed1425cd72457e515a7
dec_lo=18446744073709551615 dec_hi=0
edges=76 layers=2
CASE val=18446744073709551615 depth=22
ct_digest bca358070ca93b83b0fa7e095979efcb5a65ba4924faaa9ecf9189f51bb4335d
R_cores_digest df8e91701606f93cea9414159876ca9f02187422dc699d31074e3324411c6c6e
numerators_digest 0206e2acbafab90130bf32afdd0e3516b70358c26aeb19ce15343ef7d1a39966
dec_lo=18446744073709551615 dec_hi=0
edges=122 layers=2
CASE val=9223372036854780468 depth=0
ct_digest 3b353ec3a8450ed33a27a1ec14664647e6a741f51524e05eab8ec63c19cd5b23
R_cores_digest d0cb2eb783f6b8830079293357ed5b3121d1e9deab765f23f93bbdddd6fb0134
numerators_digest c56ba148cbdf16a135dd7ed8b556866bd00964ce4b91535cd3ceb234f14e745f
dec_lo=9223372036854780468 dec_hi=0
edges=44 layers=2
CASE val=9223372036854780468 depth=2
ct_digest e3bdbbd59ac0212848c41729349c9d8aa5d345c948120e29061c0c58a75c8ffd
R_cores_digest 654ba116d8cd7c7a84bbd8d7e777e226a49dd734424ceea6bd338bfc00ef9242
numerators_digest 3dcb585e8ea07e1f9295acef1958f184277d46d3866ff8d38bad8f7886a90826
dec_lo=9223372036854780468 dec_hi=0
edges=48 layers=2
CASE val=9223372036854780468 depth=10
ct_digest 55b972c1d241357ce14c7cd9f4b5cddef5254066392f62f1256583eba1626aef
R_cores_digest d674d08bb9e5ffed9773b828254dd1ba440548cb99d6d35d53b4194341673b2e
numerators_digest 61a2d8f12c3d51fda451dfc44d29f7f23e17cb55c948d01e22c898b897c8c364
dec_lo=9223372036854780468 dec_hi=0
edges=80 layers=2
CASE val=9223372036854780468 depth=22
ct_digest e146de22db0d79c12dfc584231c6fdc074350acfc04ebad5f4bb9a791f13f664
R_cores_digest e737c3fb1ba93d317086e8e10749a622e2925e4117a97f936c5f21bd1947e1bb
numerators_digest 52c9b10f6aab043911bb0ab5f1d7608b9499397bf43fb53fe62cf658976461f8
dec_lo=9223372036854780468 dec_hi=0
edges=121 layers=2
