sk_fixture fa878308c2130ebe5584e70c52634dd2fabef786f12342fb92ae7d11b213176b
pk_H_digest b5c60cfa03b3f46b6db256bfb2814f0ecfb438c2bd1d68b0b60a2c8bda3bcb58
serializer_self_check=1 ser_bytes=47308
CASE val=0 depth=0 seed0=85
serialized_ct_sha256 eb03e5fd80b83d27b482e93c3037adb49dd6ac3e3af0cf5eaf4e5406b9a84218
full_sigma_sha256 c0ba607b7e213bdc5e45d0571e0ff3884a04ae819b75b0788bfe3dd3575c8147
R_and_delta_sha256 46604ec3ef3a7e08c2fcbfdb91218588754b9e9499a00554a9a51b62804e6071
layer_numerator_sha256 7a0b556afb6bf355df66722342d030467c0f946ad8feb5c9ebbd74606ea78a4c
PC_sha256 0f8bf38a557ca5f619edef46a873f2878ab4c7cea19e0b972cec24e14c740a97
dec_lo=0 dec_hi=0 edges=43 layers=2 ser_bytes=46237
CASE val=0 depth=2 seed0=85
serialized_ct_sha256 7b4e3559af048421860a24a39829a95eb3384cae4643a81e8b974bfb46e352f3
full_sigma_sha256 18b7e0c7c05e31790e52db654654478b362ce97a881230ada5ba0d0aa90a7bfe
R_and_delta_sha256 7459db87f04041058932bb1a492b65ee848de006e51e754293b05780ef3746ca
layer_numerator_sha256 f2d8e7139b621bae8bb74dd804c50c74ec5c009d555471b4e8f8788a33eeedf0
PC_sha256 6688b155e765c6b299e3050111ba3884406afd5329ed209f0a542da1179efb57
dec_lo=0 dec_hi=0 edges=47 layers=2 ser_bytes=50521
CASE val=0 depth=10 seed0=85
serialized_ct_sha256 7d5b4cbb6687d0d851c2d1d25061a4826bc9c479eec400bf254b21e37a7e91e9
full_sigma_sha256 71b1cc054a9c9b1a5a1c70ba7c52fa5153bad45f0fa8cf76b7400439f9598392
R_and_delta_sha256 d15174cdb97a997a6e6544bd87f446750536596b4b83f78c4d1c9193a2d5962e
layer_numerator_sha256 7ea6feed036241d8b4bfb6506d0d06842420c4cead8481991dee9d389f4972ee
PC_sha256 08fa81d33e8520b4d88798be915cdb04c6d0f5aad9b050ddf821030b659d3f98
dec_lo=0 dec_hi=0 edges=79 layers=2 ser_bytes=84793
CASE val=0 depth=22 seed0=85
serialized_ct_sha256 e075ebf7ef6b21c3b0eefcf1b491d8d922c998c4b190e01c08ecce6eecf28b10
full_sigma_sha256 d4527b6de113253f1a74a2b2b46eaaa9097d2a2c3f02207194f79cfda0f64ec4
R_and_delta_sha256 a796b25770faa729c5786383869c986881dc8151105ddd0655a9304f12a3b425
layer_numerator_sha256 d1ab319116a5b098cf9241c25be754e9be5358acf79b7085f75a7e6b2aaa82ce
PC_sha256 d63e02d2543617aeb3d4b5069f944c1d45a8ec178d2043e91abf756d46d441a5
dec_lo=0 dec_hi=0 edges=120 layers=2 ser_bytes=128704
CASE val=1 depth=0 seed0=85
serialized_ct_sha256 87e08c663178455bbf0aa25a2f6575b5f941e4e580fd8c999a45e57c60d968e5
full_sigma_sha256 a050dc4364c7e1d22d7ca2925de328abc0a995079c4b8996c561719d0ed460b7
R_and_delta_sha256 1e8434b2acf821ebf0e3dc9ea1f451ec7678235acd2805fc85c94d0f2998ee42
layer_numerator_sha256 01932ed6df6a21d62dd43722e22a59139b79baeb450f3dd3b1d5340fe0b45b45
PC_sha256 cd13e42810e8ab7c3ac35a4c91e1b03b84f62038a4efe62f1437228382d4a95c
dec_lo=1 dec_hi=0 edges=44 layers=2 ser_bytes=47308
CASE val=1 depth=2 seed0=85
serialized_ct_sha256 e97d8a6e6b9b79494c550481222ae687e5fa7ffb3afb86d438e1e5e22beaa417
full_sigma_sha256 a2fc689cca704cdcbf8a2a8bb86ee9ef17cc1c9acdfedb4b39e13a7bd8950fc2
R_and_delta_sha256 50d529dc8f6b438e7ae5c3f8612a41f4cb4f62bd0f86589b301e859779d8b460
layer_numerator_sha256 2d1f4252f1aea3e142ba7d6f1b1386087880986a29fc3f99554eb697d00879b6
PC_sha256 80793f6bf1c03766746a9f6ea62cfc50ec44c8c34c71e7aa11db1db5c4216268
dec_lo=1 dec_hi=0 edges=47 layers=2 ser_bytes=50521
CASE val=1 depth=10 seed0=85
serialized_ct_sha256 f43c9a1c79927d4f039f4e3daf723f0326a350dfaa49be85db68bf1ca36397ab
full_sigma_sha256 012087ff5ed434f0a944a161b2dc075e63c3ff1c8ff09c423edb2dd8f6cfcf8f
R_and_delta_sha256 d4484ee3e20fc432ec3ddad9f0359d9dfa59d29eddb31e7f4261b08bc33b1a3c
layer_numerator_sha256 6f240ff9166bcb2ff079f1050bca4700a3db9fbc60ae0cac6514ab7ce45ca12c
PC_sha256 ca83cb2f2ae8b6e74a4545db7436822576c277f01a892f172f8b56fffa5e1473
dec_lo=1 dec_hi=0 edges=79 layers=2 ser_bytes=84793
CASE val=1 depth=22 seed0=85
serialized_ct_sha256 a5539c62a1e7420898afbfa27db999be688419d8383e3246dd9275c937bd330d
full_sigma_sha256 88ca8f05d99c46a073235e9dfe34186f6cc3b1cf961837aa5419d3ddadbe9815
R_and_delta_sha256 27811b9c5c6588fe852769fb288b38eeb8f67aff0aba2ff0aa37ac3ac750c266
layer_numerator_sha256 817d6d4312013bd0a9746f3cfe9c3ea8d1946e97eaaad6ca06fb25aa3bb877c4
PC_sha256 52e7a1bd35de6fe83b05192f9884072c926f20321565994cbb23a9cafca8db3f
dec_lo=1 dec_hi=0 edges=119 layers=2 ser_bytes=127633
CASE val=337 depth=0 seed0=85
serialized_ct_sha256 1aca305660b89da5a8f0fb55b09c13dcf49f76c62d2fda21f5176d5059f9906e
full_sigma_sha256 895bdc1efe0b7b6e6217c6983e08668dbeb06cc269e4484052537b9cfcf00e37
R_and_delta_sha256 2ce08a7c531b863f523e72573e807b46645287a89a99a85dbd7667110e1ba900
layer_numerator_sha256 efdb94def4af8a85d93ad9219264df6ea5786853cfac8b44f02ba3d3cfefa2c9
PC_sha256 a1f6b8b8a371974926f995218dd74a52456ebbb629c661cf0c97403a456907b4
dec_lo=337 dec_hi=0 edges=44 layers=2 ser_bytes=47308
CASE val=337 depth=2 seed0=85
serialized_ct_sha256 4f6928f264d46d1963f7ca0e9f046d6f091dea9aa91e7fee4114434f35bfd0f2
full_sigma_sha256 c9508d2428a5f6c31bdd410360fcaea0707f82d943f510797e5fffda6049d4bb
R_and_delta_sha256 8c2fce1388bb6a2110ccd089a8019278aa0812fe0f763694fcce2e65c970819e
layer_numerator_sha256 278700f5f6083f79324dd0522710b4c7ce010787b0039573670abe6bd9ac4af0
PC_sha256 04e0ed372e801ac95dbbbaf238224fc3c7667ed747fe50fd3c109ab4b0861eba
dec_lo=337 dec_hi=0 edges=48 layers=2 ser_bytes=51592
CASE val=337 depth=10 seed0=85
serialized_ct_sha256 0bc9e4f0185f5608f06e3625613fd0f3cad71dc2b450627ffbe11c2566de8491
full_sigma_sha256 3487ec203fa109545e4096ed58d5fabde7dc6c9419635e93ac016a297e3cf187
R_and_delta_sha256 fe5455c529e7689e65e372346b28982cf173d0e7f90eb4b85950ca346923e578
layer_numerator_sha256 a61cfd965ee1b89343da226377176571795e89ad1bdbe0958a2b8c3eafd4b4e9
PC_sha256 76a0b1a071e7f6d0c73fe5e2574f4cbff3d14c5fbbfd2b0f3a641b91bbc3fa80
dec_lo=337 dec_hi=0 edges=78 layers=2 ser_bytes=83722
CASE val=337 depth=22 seed0=85
serialized_ct_sha256 093889e4967ca0374a2d247be7e85f2c494e32c08715b3dcf5861b8907e6914a
full_sigma_sha256 8ea548a6b21b507c6f7775cdfa9b560a3090a3295b161f2a7a6259f47604c7a8
R_and_delta_sha256 84d83291363127a6e1e422f83079d5058f41e3afb80959710d0f6545a2141578
layer_numerator_sha256 92954d1b461d1c0b2b391826775f8c23ba61526e4844ad7990bb7ae126623c9e
PC_sha256 da6c3a336c6951c7992a48a92a609446162b40d0031efc84c16cd1afa76c75e4
dec_lo=337 dec_hi=0 edges=117 layers=2 ser_bytes=125491
CASE val=18446744073709551615 depth=0 seed0=85
serialized_ct_sha256 896febb1cfdf367865d9281d23dbf03dc1a49023c4f547ad6f5ddf417a9f2749
full_sigma_sha256 1e5d795b9b7537e6d213bacc6843552516cd3722060b7d9e7c71b2fa127f56f2
R_and_delta_sha256 229d97a41fa0aa6c1824cb11d28a1b9f35d8308ade45a4cb81badca5d0517168
layer_numerator_sha256 0636522dd18bd901494ea864770f7f5ff1dd9216be0e315ef00d8f134de47369
PC_sha256 7ce707a4e65908403e325157290e08956e560ae65a66f45f89f93a0e49e8fd73
dec_lo=18446744073709551615 dec_hi=0 edges=44 layers=2 ser_bytes=47308
CASE val=18446744073709551615 depth=2 seed0=85
serialized_ct_sha256 bbf8950bb9604407283d25d6033a7fca8dba7e3ad99e072ed4dfb12c0ff5d766
full_sigma_sha256 115d1e073e53222d97b8e611141c83dd4a1e9da604cfdca4526d267cbe529890
R_and_delta_sha256 9f5a2c4e70e81de30e27a5f277e90064aebfd0897659b3baf1e80e31c714fcc5
layer_numerator_sha256 e9c2aff5016c467b7cf711c5b8059c55e4f8461983ebcd13492afdc92d6be0e7
PC_sha256 1b646b4de82cba0644975046dbd2a50d27cd9e2bb08f6fcd678c3c9f3a0b572b
dec_lo=18446744073709551615 dec_hi=0 edges=47 layers=2 ser_bytes=50521
CASE val=18446744073709551615 depth=10 seed0=85
serialized_ct_sha256 61eba018ce1d2714c5970ab5b2a0a1d5b8648c374e060caa69f92847176acd7a
full_sigma_sha256 cd7b22715915398e85aa55614bb31466122b240fcde9cd60cbb33546bdfe4c8e
R_and_delta_sha256 f19449ca19303188a6d3ee25e17ce38fcce668e8376a9625344b31eaa6fade3e
layer_numerator_sha256 42c45f83a1488549e6bf82a3b5bd8271d7ebddf4dbdab618150efc6658c212e2
PC_sha256 830c2ece4f302c006adb889b011fb441ae6c47c31f9c23018295ae62a1838e32
dec_lo=18446744073709551615 dec_hi=0 edges=81 layers=2 ser_bytes=86935
CASE val=18446744073709551615 depth=22 seed0=85
serialized_ct_sha256 3eab18e05609430c714439ff361a8cf28cd8ec093406d96e839f7c0ec63bf079
full_sigma_sha256 ab42a352ba270da8ffbabd9f509c85c8558b88a5c1262a6dfd9ac31eeb453122
R_and_delta_sha256 43a7c064e3d3b3dcae5da89a91e459a7b99ac9e8cb0a63ef5666a7a5640068ed
layer_numerator_sha256 fa51355697f50159110ce4786af4f2b6cd4592887f6005e15ce69f1ebfcbb1e8
PC_sha256 1ecf2e7e06472b55972ba99a633b9fbde1388948efc0eefc740e34bd7c4e5441
dec_lo=18446744073709551615 dec_hi=0 edges=122 layers=2 ser_bytes=130846
CASE val=9223372036854780468 depth=0 seed0=85
serialized_ct_sha256 3e82af704593815e8a49c28779da034d950db2d3a91aea18af7b54a33ea0e53c
full_sigma_sha256 6f825aea8d7f713fb2591688e2570ad7d5617e2dc57b6ce508103706544ef537
R_and_delta_sha256 353cb126d306405e163cd6d9cfe417996049b1f3e229dd7c65bfa9d2a3f4bacc
layer_numerator_sha256 e46b351bcb24a1ad515f6f239f9e9c20b0f44e0f4ce9b17fb9d7487b1ccac917
PC_sha256 caca88c5f86354a7199ed3835d9e2c3905d2ea1e36659208a9235abf83de60c6
dec_lo=9223372036854780468 dec_hi=0 edges=44 layers=2 ser_bytes=47308
CASE val=9223372036854780468 depth=2 seed0=85
serialized_ct_sha256 4f499e27457ae07cf0d6cc106b28dd1d6733eb386b78e925cbf3cabac40e922c
full_sigma_sha256 6dd25086d593edae1cd85a20f12cc38c4a762c6afbc8ab4603bbc4a956b6f082
R_and_delta_sha256 84c49ef501adfcb9d944bd9acdc2877f550c9972c7956dd474dc44fae1cb761a
layer_numerator_sha256 01d1f8cbb5f769fd619349831605be3262fdc072404a0b07f3e515368cdeabf7
PC_sha256 7a7552e7b86205dfe7465d3c7d1316120e04602a7c65e47ef72401f041cd79ad
dec_lo=9223372036854780468 dec_hi=0 edges=48 layers=2 ser_bytes=51592
CASE val=9223372036854780468 depth=10 seed0=85
serialized_ct_sha256 8ea7f453167b912daad68fe4a7c5edf5bba430959dac8d3b624091aef63b8606
full_sigma_sha256 94089c57646c9caf87da06241fcafd4762f532cc551d8199cf72f76b19540442
R_and_delta_sha256 879282f76d8e9936538e66519ceaec31f5aaea1424037252c16f4f64b48b7612
layer_numerator_sha256 a57bb36f13c349de90b5b0a7202eb645f0d70f9db85f7ed33371c4b7e0a22a3e
PC_sha256 4b74372c8849a16e799b07b1008b4c47d6ceb626768088b3d96f2f585a5f6e6a
dec_lo=9223372036854780468 dec_hi=0 edges=78 layers=2 ser_bytes=83722
CASE val=9223372036854780468 depth=22 seed0=85
serialized_ct_sha256 16439df6047a4340da60e64592dae59b0495a2caa044884b0920d7e27cec4ef2
full_sigma_sha256 2e1ddad110e9851e71895807fc3f9a7e9878658bdca6d2282d9f967362f83d3c
R_and_delta_sha256 2d34281dca54be7d7db5dfe512e7c875008b9a01bc15d9f6dffd6045316b8ba1
layer_numerator_sha256 18035d4a19575f59a58a05988b0ab400e63c3c79ec94cf92828aaa1c7675f5cf
PC_sha256 2d765b42433bc4b6b6b66c489d23427665d1c390704907d2811714f772ef2210
dec_lo=9223372036854780468 dec_hi=0 edges=121 layers=2 ser_bytes=129775
CASE val=0 depth=0 seed0=68
serialized_ct_sha256 5f770da5e0107b61867c20b81e6cbc92655eb6762bc33e47311aa819f3fdfd40
full_sigma_sha256 36ea1140b9a8e67e970a8f978541268206475ac76001952664c3f79f59671e45
R_and_delta_sha256 b9927174fc20702505c5be9067695761f706875d46ad084137c15219de321b19
layer_numerator_sha256 01e67893c42160090c66c26456cc30f068a5fa4a56816126a0443127fe0a02d8
PC_sha256 05d8fd93dc353110974b562dd852960f5f1cee82083b81b145578405660a23b4
dec_lo=0 dec_hi=0 edges=44 layers=2 ser_bytes=47308
CASE val=0 depth=2 seed0=68
serialized_ct_sha256 7447a298c52c97916a2cd667737a09277004b924437be94ce39ce3b220fcc382
full_sigma_sha256 411df22690aa7ee9e2a4688e07ed986b929edf856c76c0aa4d0bf995bc715343
R_and_delta_sha256 56d737de7f43ac07d3fb0ad37d80fae7ec459e2feec1cfc6a2f1188762f577f2
layer_numerator_sha256 bd0f7a81cadcf1a0816e475f1787429be3a14005299c480d3e326c4c7a47fc7d
PC_sha256 c6cd49803052b6e404cbf9ee955ab44511ffd66aba15e1cd60c73ac6f46e0aea
dec_lo=0 dec_hi=0 edges=47 layers=2 ser_bytes=50521
CASE val=0 depth=10 seed0=68
serialized_ct_sha256 b8fbb6618595e98ab20dca9c381db87d03e3ef7dd3b838a12c589d43eccc9f67
full_sigma_sha256 37f11da7c069e1269af4d3057be099cea299e454f6ad8ad5515609684da38ca7
R_and_delta_sha256 86778971e8541e71acb708baf0c26e169791b5ad1fe52180e2dc8691016803fb
layer_numerator_sha256 17dd5b6982bb7138108c07e4e6ddb74783e07060f52fc58829768906beba4e03
PC_sha256 a88eec533efae4ba5951ad2fa50eeb05f87bc282b208443a7358b388367d3ec5
dec_lo=0 dec_hi=0 edges=80 layers=2 ser_bytes=85864
CASE val=0 depth=22 seed0=68
serialized_ct_sha256 cc82814d484f9e6892b895bc2f482ce6c925392f2195007e2f40ab8c70037e5c
full_sigma_sha256 e4026690f689447e7859b38ea8e90151bcb763d2c48421b0de3afccacd476e64
R_and_delta_sha256 4b96d0dc3cfff5269dfec9b7b37f8c22fb55bdbbb077e254bcc3239d4ab0d8bf
layer_numerator_sha256 61c08bf6b41896d97bb50dedf0b9322b3f9050dd6a25f7fdc894832e3c830e62
PC_sha256 0749e3d4a1daf6b80a20103a8ca2624ab7d4dcc6fc15dca1bb3c31eb91270fdc
dec_lo=0 dec_hi=0 edges=119 layers=2 ser_bytes=127633
CASE val=1 depth=0 seed0=68
serialized_ct_sha256 9817825a5cd92d22060a6aad8fdfb498b33c7958a9f4511dd1bb9f8bc2ac5ccb
full_sigma_sha256 5edfdb6e7d41054633c6b0a0bfb6bed0277ff1b4b5df32bf2ba636bc8c72c55e
R_and_delta_sha256 acd501b1ecd7404396ae6e1cd6bd4e73ea7949c973e6f2112ddcc78632e5d3eb
layer_numerator_sha256 1832cf4e32ba40291f81ecd05ae9f78cebf64f78daf5bdb27555854894331ee1
PC_sha256 c2c4ec7475819eb942e4422b9fa4ce08ff469f756ec954c5f246c81c21111431
dec_lo=1 dec_hi=0 edges=44 layers=2 ser_bytes=47308
CASE val=1 depth=2 seed0=68
serialized_ct_sha256 afcb4f8967750927f51784f8cfcabb1ca0a61678f6ca709c2facdb769f785c40
full_sigma_sha256 a85b5de38f031acf287363b10cb70cc0bdd6c454897b810233616a2eb1903f33
R_and_delta_sha256 17c72477d098438e606da3d4545055a693a9fb5b552de0553db1c5de78933de3
layer_numerator_sha256 aa01481ef9f67743ff435b190f17893b1347c9fcbe45e8e2f7d8752e9fb7c805
PC_sha256 8327170d69480b63ad3983b7f3b0d31fb9756d831c34d19490ce2097a354308b
dec_lo=1 dec_hi=0 edges=46 layers=2 ser_bytes=49450
CASE val=1 depth=10 seed0=68
serialized_ct_sha256 7309880d21710cd965a12b59fef3b2f1708efb41b49af562a094612668445735
full_sigma_sha256 7c99a004f5fe13b072a2fc58d77bdbe3f5c27e3bb25f0fa07d83a3c8a775bfef
R_and_delta_sha256 f76e9f43b3e66bb89f4222647bacbfe050cc42b3525fd3e13a48827cfef59304
layer_numerator_sha256 edec870eb618bd3dbb21c2359503dc5945993f4fcb53fc19244ced365ca84ae3
PC_sha256 ee892881a6ef7798c897f6091256bbc15658b17cedd06570ebd89d76f2fef668
dec_lo=1 dec_hi=0 edges=80 layers=2 ser_bytes=85864
CASE val=1 depth=22 seed0=68
serialized_ct_sha256 477177fa97f03e894e9de9a63b27e2f940ab519bfdfc6897a9a9640f061a71f3
full_sigma_sha256 e3b8409b0727754f17458d2fa2679203ca56c589fef29fd81152de755fc2aea6
R_and_delta_sha256 eb726346020b5a2e38754b8c378a58906406553125815d1d75fd5c48dd40055b
layer_numerator_sha256 e98b132fcab01e788b99125eebf5a6cfbe7e7beea87efa98fc5d949ec57e4b9a
PC_sha256 ee2be71cd8a82d8ba642c99cd7ff10816abab4e92e30ff6ba003c73c0eee243b
dec_lo=1 dec_hi=0 edges=121 layers=2 ser_bytes=129775
CASE val=337 depth=0 seed0=68
serialized_ct_sha256 6a59bd71689c96b020727567a9b63972da46af8de3a8805c0c01fb7f4a2cc4a0
full_sigma_sha256 9a9f5e53cbc39a6312044f337bacf1f16f5302257b7e5f45c0a42abc2ee3fe37
R_and_delta_sha256 758b0520b3574d3555e8d71a9d3efd319713d21ac9bde59d7ff66b0feda873d7
layer_numerator_sha256 e24d9aa5259ad29211cf358ab1eb0e80eed6ed8978ef4deb07a9d53d61df24ae
PC_sha256 3072bbea26abd0478d7d1e54eb763b61a0c525aff9920bbba1223b41475ccb6c
dec_lo=337 dec_hi=0 edges=44 layers=2 ser_bytes=47308
CASE val=337 depth=2 seed0=68
serialized_ct_sha256 306f829e9478422f84957569978f5b8bdc2a23668b65f6c6443ff4df7bec3d01
full_sigma_sha256 ca45c9f030dfe93ed5527e9dbaead921fab95018ae2c4eb6a01224738e2ebd99
R_and_delta_sha256 10a9f8ca1a99c9c9d262a8ed7fce6caa83fc09150fd88e3d4fac7116d3aedff6
layer_numerator_sha256 b546d56d59a01b320563b21fd7de35f1ef79a2761f2f63148224fc0978a7d8f5
PC_sha256 5b556a737959a1b2c6b8cc71faf153c7da5107c61c1852afa75569de6819d3ea
dec_lo=337 dec_hi=0 edges=47 layers=2 ser_bytes=50521
CASE val=337 depth=10 seed0=68
serialized_ct_sha256 62880799d454d9357a5b95b44ea0f52f94b101222ea78ca56a375873966f31a7
full_sigma_sha256 2558bd45f52785423dae42ff1cca6dad103c6f7661bc4e6770215a01f523c950
R_and_delta_sha256 f39b74bbed2bbf79b0ef42984be2b458c82b0bff6a0b87a76aeff2ca02cf744a
layer_numerator_sha256 b808b07e297ac16ce41c55cb52a4ef8b853b7b30aedbffd1ed0e5727b17707b7
PC_sha256 32e70710a65ef6c3d1579073c6e035f3d3a640289a57fb9b689f7cae8130a220
dec_lo=337 dec_hi=0 edges=79 layers=2 ser_bytes=84793
CASE val=337 depth=22 seed0=68
serialized_ct_sha256 31c8580e4fd675e52b5e1eee9e208c959973e929cbcc9bbcc01f8a4ba30b901e
full_sigma_sha256 1cc2820ae4ac15c931738978801ffbd329985a7ed90c633b6ea7fd6fe25fad4e
R_and_delta_sha256 f62dfedd6e5b52a1d862f6819631026faac9de7db7f925d2054b7a00241d72c2
layer_numerator_sha256 0bc17ab330b521a68fa776958481e5e1af2ad55b94bdfc0631f38aef9e6aa982
PC_sha256 13b52c068122db07850f82fd3da3f4eab923efc8de8c6fefd5b3c2030cf018ee
dec_lo=337 dec_hi=0 edges=119 layers=2 ser_bytes=127633
CASE val=18446744073709551615 depth=0 seed0=68
serialized_ct_sha256 33c66fc3272324508a471e747b551e3c5cbb5e4c24810d99a2a17b58d86c4faa
full_sigma_sha256 5b40faca96210e669421dedbe0171196d17101711ad5d8a384cbbbdd8f8083b3
R_and_delta_sha256 4d0db2fcff8995d8a86eaa2c1440f71d135c7c2c78df32f6796f271e48aae543
layer_numerator_sha256 7697628155e5cb4478a15f917f79c0c363d85d9e2a8e57406ff244bc4f38472b
PC_sha256 42ad0db313f918e3dd885ca6b05025f60c34d62b6cf88e93c04e606a947e0c01
dec_lo=18446744073709551615 dec_hi=0 edges=44 layers=2 ser_bytes=47308
CASE val=18446744073709551615 depth=2 seed0=68
serialized_ct_sha256 af15df0511a6dd55a8bf3dc59b281c0c8c5b8b51f60c51a72871bffbb7edf2a9
full_sigma_sha256 1454287f1af72b9ca8f8191081e88d0722d9ca7d31de820490add48ce4034cec
R_and_delta_sha256 dda54edc61e92a3893523dbf8a9cc0e0c58428c7beea8e740b89f5a0548a86a4
layer_numerator_sha256 08c614a3396a3c551ebbfd6aa4d6dc0430b422adc6a51dd8448075c89c945720
PC_sha256 f610531697165b888bbbb97ebd54d990117e9ca9d241f45df08c8bb21b7cf23f
dec_lo=18446744073709551615 dec_hi=0 edges=47 layers=2 ser_bytes=50521
CASE val=18446744073709551615 depth=10 seed0=68
serialized_ct_sha256 8daa0d5603ac487ae4551aa9c1d10669f0b44d35e4afed63a3d2644e6c556807
full_sigma_sha256 a0b0448302a3cb7a6fcd2c35aeb8cddce52f70e50c3bde3229ac100c877f37c2
R_and_delta_sha256 6a645cd50d8cf5383dfa22831ef7b49091b2c521398de18a0588c385bdb440b8
layer_numerator_sha256 92da1eb42f4984338574864e74a039044b6061c29bb16c677ed1df7d82acf04b
PC_sha256 4e10b506361c039b23e344374aa0acf063d7b5eef9994c92e0ebb912add6ae21
dec_lo=18446744073709551615 dec_hi=0 edges=80 layers=2 ser_bytes=85864
CASE val=18446744073709551615 depth=22 seed0=68
serialized_ct_sha256 188943e0a56a7cf02ea7f2060e20460309e8097b93d21884f71f7faed824a4c1
full_sigma_sha256 346b06e93a2629429c0fc4e8600d9b534e670568a4dbbcd1fdc1bc79b8f395e5
R_and_delta_sha256 b54b78b72955eb5b2458d041c6292b2f6ef6c8d3e1d12d40705b078060c2323d
layer_numerator_sha256 975e9294c5fadfa07af4fd563759ce2f7580a83947e29f330a013b8ff216bd42
PC_sha256 a7d3271fcf3827bb4e9036ccf6b11ed03d5d0221d84efa1e45631d0845de0581
dec_lo=18446744073709551615 dec_hi=0 edges=120 layers=2 ser_bytes=128704
CASE val=9223372036854780468 depth=0 seed0=68
serialized_ct_sha256 eca040d9cb2a6a1b71379d1507ebde761fa4ae163474f34059a5817d1acc11c3
full_sigma_sha256 bd21f68eb8d7ff683bf205bf406e5f5c7c97198d624e627a2258aa845e16199c
R_and_delta_sha256 393243bc5eedf2e28576766e6f7de9e8d6921fc113cb16b926bff818aabcaa7f
layer_numerator_sha256 c18c6965ef28e60d6e4b157283b76e4e670c450e7ac4b0b6a03f8f80e287fc69
PC_sha256 bc236e382d92380eccad984abd3d77e73377cb11edf9412bebedd5d4704ab246
dec_lo=9223372036854780468 dec_hi=0 edges=43 layers=2 ser_bytes=46237
CASE val=9223372036854780468 depth=2 seed0=68
serialized_ct_sha256 fc14b954bbad6665819e6ef2aad82bc3fcc1af7aa18e8ad8e9c7a6d57382d430
full_sigma_sha256 3597772ff368c04d9ba9412de7293a268415799fc504f2eee6e9e8f1e272093a
R_and_delta_sha256 4f82e8cab95628264c686eff1fdbfc4516e33f8950a7cd79f957b71a22db605b
layer_numerator_sha256 0dc628f049985d88bb277095a4baaa6e071e3161ea28e49737449e4e8dc41e91
PC_sha256 d1035e047dd19ba8a0b7ac2c162909fb52dbf959e31ca1e7c18a8553f9bdafc1
dec_lo=9223372036854780468 dec_hi=0 edges=48 layers=2 ser_bytes=51592
CASE val=9223372036854780468 depth=10 seed0=68
serialized_ct_sha256 432f572d699e1ae6a12c8a08b8fde14af96ce71db3231c03dfbe7d8f7c6ba425
full_sigma_sha256 4c4e6d61e4ef4ac00b83da81936fd2930cdb97f796b9417e673674105923cd31
R_and_delta_sha256 4d83e3f8811c057595aa56ea9ab0769282ea9dd4126e8d3dedf5485ba7199639
layer_numerator_sha256 38f384976457437e4beae7ab43854b4e4883fab1fc0adc35c7575921563d681d
PC_sha256 ed007f013092b81bd0622c36633e30b22f212972f308f46c064fc4fd51d7e7fe
dec_lo=9223372036854780468 dec_hi=0 edges=81 layers=2 ser_bytes=86935
CASE val=9223372036854780468 depth=22 seed0=68
serialized_ct_sha256 a9fd400b2f21a197cdee734008439f7aebd1c112b70d2d891e62498a81e563e1
full_sigma_sha256 a30decbf505f36bf2cdcc7a276f2e08c87ff0d2e239a65ee19f5f91a595c1880
R_and_delta_sha256 0525b3439ecc811924c42f880f0300497b4ee6a4352bf2eed1197a95c3705a3b
layer_numerator_sha256 b1640c0000b5d8d867632154ec0be665509fc4c814134e8dfde9e67107d60ee5
PC_sha256 d77c9bbdfb503701cec6f1d49184323c1991b714a555efd5018c3532316947d4
dec_lo=9223372036854780468 dec_hi=0 edges=116 layers=2 ser_bytes=124420
CASE val=0 depth=0 seed0=119
serialized_ct_sha256 0960cf135d19f6d77e7489626be0383953cebf638310bceb17e83a84c3273a88
full_sigma_sha256 24bf301e95512591d3c534a6ceef812266fa96ca1779c9c345f030c0f0ead375
R_and_delta_sha256 8266cb5658bdb7c4038ff69187e9e2ceae97266638d2878989dba005b0cab74f
layer_numerator_sha256 84005cb1fcf2ea736de5066f39d4b21d54c0fdc56325cc6a494ad89c1041a6c7
PC_sha256 bf8273b4b4b2f31276e476b6a86820ed7462c74ffe73e22efed9f5506cc8e9e4
dec_lo=0 dec_hi=0 edges=44 layers=2 ser_bytes=47308
CASE val=0 depth=2 seed0=119
serialized_ct_sha256 e4259ab4f1479db7b2eb7241bf3c87190d6fb1b97f32f4099a48534619c0914e
full_sigma_sha256 ebaa5301394a3bfc48fcecf69797df4bea338368d2534a13c7f4ccec8a91825c
R_and_delta_sha256 7d2cdd01253f4e9e411f240214a9d9529eed720fe5a51cfb2cddeada7ebc77af
layer_numerator_sha256 ccb18ec3367ff77dd19498450b017b67cbb33460b498e39ca408cb71ea19192c
PC_sha256 ed017d107a20e473447bab83ff3e2dbf0f5383920bb1764134d9b9aa282b47db
dec_lo=0 dec_hi=0 edges=48 layers=2 ser_bytes=51592
CASE val=0 depth=10 seed0=119
serialized_ct_sha256 ee880322f528b45994230c53d3e96d9c020bda462471333499fc9aa84035fc19
full_sigma_sha256 03c6bf2efea0cb891670a7e21350ddc75b0f7de0d4eb6c24e675530438793d06
R_and_delta_sha256 c1cc2a62308f21eb6f944029925e640219c6aac9c0e6d7c3c25f2f78896c4464
layer_numerator_sha256 8cf31043b5110be4b11b4db19bb58823cadd860d341c76bccb930b8fb5c938b3
PC_sha256 c9525e6ed510ea9b8beaa7eb1df7d8f3010fcb5dbc6baccfef078e89ebe4733c
dec_lo=0 dec_hi=0 edges=81 layers=2 ser_bytes=86935
CASE val=0 depth=22 seed0=119
serialized_ct_sha256 e354fe6f6fc7252e5f0bdde92e47d509ef73d1ac8af808ad713a6e358259651e
full_sigma_sha256 244c1795f4eb4649449eb1f5c571a0b3026fcabc678d7aaf1761cffac5643245
R_and_delta_sha256 fc95addcbdd3c7946571a800a1c4a60562880dde7b1eb753ab07303d0f9c73f2
layer_numerator_sha256 4e9c0e5596fc1c995c4695e98af88e2ab5ccceaae654b874e2aabc723a451730
PC_sha256 26682aa498a71636a6c878f672163797dcca0b82485e3c58a0390db1f2fe6fb5
dec_lo=0 dec_hi=0 edges=118 layers=2 ser_bytes=126562
CASE val=1 depth=0 seed0=119
serialized_ct_sha256 fb6f89d1a5a357ed0fe3dd9310ad0c04bf6655cccced281e6e857acabe79d0f1
full_sigma_sha256 ea73fa4044fe98cf7b8212f4a3fd975d85f09e12f8a8b9dc49d2997ac5017420
R_and_delta_sha256 4ca57cf411f4db5f00ea8492a738080cb975d3fd431bfcfcd13faa40a16c5ad9
layer_numerator_sha256 ef25a37225b377d20e48e3ab976a545f4cb03b5181176cee27c96ca76e336062
PC_sha256 c3cebfb4c8784a0a8c5508c7de2007237ed5a8cef3b32a388ee8a82a1795528a
dec_lo=1 dec_hi=0 edges=43 layers=2 ser_bytes=46237
CASE val=1 depth=2 seed0=119
serialized_ct_sha256 debcfd6ac445a04ff7146b86b80e6d2e299955bdbeacd3b81adc96a3a23f63d4
full_sigma_sha256 1d9c2c8877145cf4079d08609dde6029a8c125334f5b56bf252125d66bc99b82
R_and_delta_sha256 8eb8bb3763776c7c7df5f9ffe39f6f321cf33afcc72c1c0ff5cdb6cf19c794e3
layer_numerator_sha256 c659f4e12542178ae43eb5aa81c011265a33e7b2e4e10d9bb03eb734b109f94e
PC_sha256 f6ef48d81a966330ba723201137b07bdc321131804c9dc579b00d4af63a0d2c5
dec_lo=1 dec_hi=0 edges=46 layers=2 ser_bytes=49450
CASE val=1 depth=10 seed0=119
serialized_ct_sha256 35bcd2aad74629c9c49c27a8c040e945ee9a98fa0b9ba235d1441ee0bbe3a460
full_sigma_sha256 1f8d60698a9602d13c7d6904f9e9b999deafdc161f635dd6ac359bd5dd3e2930
R_and_delta_sha256 c0dbdb6f10307189f426fa5a64e8c0430b9e890f4f16fcb0d4996479ec05a1e3
layer_numerator_sha256 7875c3234558b51c8cbfc51351ae104b264be249394337bf075c7c12ead73ca1
PC_sha256 e0ae364dd9c11730b0210d012c357e48f3e51e16d150115b8ece97cc8d986ed3
dec_lo=1 dec_hi=0 edges=77 layers=2 ser_bytes=82651
CASE val=1 depth=22 seed0=119
serialized_ct_sha256 7ecb8ace6ea8dc0d14bf9ba25d0a16d871a2683be1dc1cf122f96aef53c41703
full_sigma_sha256 9d6a0a41ae93fb8aa76a1fa805bdd326c5708073a14c791d44d39919fca3eafa
R_and_delta_sha256 716cfcc86915d4a444401f0476af3936aeeb0d5b1a80bb3afa09bb0174e485bd
layer_numerator_sha256 debcfc080d99a38792e98037c2e5230f6c47bd0b8a8d8e363b6150ffb5cebc35
PC_sha256 003cd0f83a35f24ddb09a36a63745de89e00fd7bbb47d9382c025a8fc338f943
dec_lo=1 dec_hi=0 edges=120 layers=2 ser_bytes=128704
CASE val=337 depth=0 seed0=119
serialized_ct_sha256 5299d791712b7d3c249b8b26ca27835318f621d5e97831b1c01ea5ecc11c166f
full_sigma_sha256 0f13f76fd1f8f9e9c49e73daf3f31e9b89943f088cadb799e1675ac78bdb3b4e
R_and_delta_sha256 6813c1090aff0cacf70b47c212bfe40a410178bb37dc1d4cc99c6aed03b04794
layer_numerator_sha256 1ce489aa529f849cddc81d173e81cfe6ca40995aff40b31adbc0a53456e4a9b0
PC_sha256 f3562fa5a54b88c12e67c1e514c917ec912bc5d685bc7677ada2d96581b10151
dec_lo=337 dec_hi=0 edges=43 layers=2 ser_bytes=46237
CASE val=337 depth=2 seed0=119
serialized_ct_sha256 5bd8837c3fcfd7772c5521e4f9345676e9b65a9e5c7e97455b7aa1ebdace4cc4
full_sigma_sha256 a6e5846587decf160557532d845261721ff94fa1bcefb7ebf8ad8b3fa054b58f
R_and_delta_sha256 7a3db78a87a96428a6295fd3d0bf68d286b2e7f8b7e845ef403fe28bdae43d72
layer_numerator_sha256 3ae985d0324780ae7588c537724908cac3c4ff4037712840befcf527b0b41cca
PC_sha256 42574b3e50e433912f289d9821704db4ffcd3ca380cb4a7698d443d20055c957
dec_lo=337 dec_hi=0 edges=47 layers=2 ser_bytes=50521
CASE val=337 depth=10 seed0=119
serialized_ct_sha256 c013aa9d7dcec8a71d067b29d3ffdfbe9ec8696116e59c9d810ec868541bc984
full_sigma_sha256 3f4290356610182ac4ead0401c455a0f1af86d21ce48f8854d85d729d386f17b
R_and_delta_sha256 b7801e7b566cadb0c22b5a047c3056f92fbb7f316ad86dd797caaf1233b0d227
layer_numerator_sha256 f29e2b04dc418e7cb7c3d89930ae6799d8a82730c141160af1d22f64d4a03202
PC_sha256 b894a7d23c812251af9f48ac5c9529777ec08db72a70bdfd848cecb2a4f2131c
dec_lo=337 dec_hi=0 edges=80 layers=2 ser_bytes=85864
CASE val=337 depth=22 seed0=119
serialized_ct_sha256 ef52bddc5e4b1377a6b16a036e238f3317f05c0bbfe5ec35a0cf21c47483d971
full_sigma_sha256 cc5758920d06a8138058ee15d552f6fef9d125e8b0e20c1a8e68319e7b3b2a33
R_and_delta_sha256 f5d2f58b7f0dcef8a50da965163da89318879a04d86d02504c09e4a9f49a1052
layer_numerator_sha256 60514342eaf7fb2da45d9acb7b1bf31e61b947f118d3c1a24920b27a6e7ead8b
PC_sha256 08cb3f608ccacba529e263b12346e08e51f1c5ae7625ad6abef6de6ccfab7f81
dec_lo=337 dec_hi=0 edges=115 layers=2 ser_bytes=123349
CASE val=18446744073709551615 depth=0 seed0=119
serialized_ct_sha256 5dc8a6c6d33766c53c4f20af20caf9ec1816c3aef2a9abbf90f9ac47615c4eb1
full_sigma_sha256 c4cae7aaa73c5e9d85d6e04133112c41e404b16b7ba2cb9177b10c88c7154803
R_and_delta_sha256 42a2e6561651b1b3c645543a5df02567285255038b4eb92a09297b840017e3fc
layer_numerator_sha256 3a1dacdec14da2b5b0d07bd49a7a7d60aa121cdb0197a32b139c47b1a50d1127
PC_sha256 9aee6dc8fed733352a11a85f364f6490cfb55dc1c532eb1100e6fa5b74d6aafb
dec_lo=18446744073709551615 dec_hi=0 edges=44 layers=2 ser_bytes=47308
CASE val=18446744073709551615 depth=2 seed0=119
serialized_ct_sha256 d8615204e1c857d960c83f3cda2a1be5adb749e72a06dd0d15eb606362d25213
full_sigma_sha256 e9c370606519b9515e6c53d21c8b844c718e32d004a54375ecdd6cf7604c4dfb
R_and_delta_sha256 6028dfac2d3be78e0ec1ccb02a531930bba4c917d0581ca4bae32a1717dd2b4e
layer_numerator_sha256 befb03051e6cc2d89ad8e3f759ca353be39c8e20a499b8c0955e812c2b872c6f
PC_sha256 6f7b1f44e4e15aeef5ee3dfb50a0639f7a0e6209b96b203b36c6f6c2e30ce154
dec_lo=18446744073709551615 dec_hi=0 edges=48 layers=2 ser_bytes=51592
CASE val=18446744073709551615 depth=10 seed0=119
serialized_ct_sha256 600d615c88ef1fa9f421803b50841e13aeba454cc09880f26c9b6063c3b0acb7
full_sigma_sha256 dafa9c4e6f4ab8ce5929491b363101c4afbb6ad6ffb8038b43c31f690cdbbac5
R_and_delta_sha256 5ab421a847fbc040b8a77c451863c9ded71866a60a436076a56707d1a19a55ba
layer_numerator_sha256 df5d664e29e2b7a706157448db73edf6762492bc7939f124f8a7e21bb92b77f8
PC_sha256 3d8b93ccda6bdb7b2ad5070011d981a56c6c9e3338ed33193c23397a60020152
dec_lo=18446744073709551615 dec_hi=0 edges=80 layers=2 ser_bytes=85864
CASE val=18446744073709551615 depth=22 seed0=119
serialized_ct_sha256 9dbb1c138eb1f945d819fe9084e3ac8003b8b365edc848724cdf8887fda803e1
full_sigma_sha256 2d0ea6908d44ac2613ef92e99919225409da608a303eb5ac65611e534b9066bf
R_and_delta_sha256 eae0351ded5e6615c93ec7c22b860eb3e8d5b62c07a4f5bf570b871831ca4a1b
layer_numerator_sha256 1e39474496387202c65f4f29bd1ee618cb28ff910f20ad5e7d6116103cd2e3a4
PC_sha256 7f2a96d2b687078c35da89f6b386fc9d617f2d1cd04e391eb96e75f2b871df4f
dec_lo=18446744073709551615 dec_hi=0 edges=118 layers=2 ser_bytes=126562
CASE val=9223372036854780468 depth=0 seed0=119
serialized_ct_sha256 cc255182146c260dda08003386ac8a6c9bfd2901ce0da19db583a3c7a6c5bdb2
full_sigma_sha256 49d6ea065ace93a9821b43999ca5a6a0b7b6db61374a1146ceb925035d69606c
R_and_delta_sha256 9b242f66495dcccd926d4e2f83596a3e5e9b2f4afc220c97e3c707eb82c7c0bd
layer_numerator_sha256 f43db045fe6170b7e1fd7c5f694e161df87a505fb44b64d98f9cf205c32831a5
PC_sha256 99fe5aa9a8873a770e2eaf40b41269d313383d0bac4a1011b786a3d14403894a
dec_lo=9223372036854780468 dec_hi=0 edges=43 layers=2 ser_bytes=46237
CASE val=9223372036854780468 depth=2 seed0=119
serialized_ct_sha256 8658413764262b304e97d32bbf6e071247b9a5941409383dde30358839efe9c6
full_sigma_sha256 c3394ff77e1494c8eb9edc7f34652e2c2643f201049daac3b61c43b797da6208
R_and_delta_sha256 853aa8523a76f97ce65e8b50cc9df42b84500659f778c592a55ae2a32cd9969a
layer_numerator_sha256 1564040119c0107231e7c2767b458a1211ed2e102bc47c241267a75cc2f86773
PC_sha256 44a9cab4a8c85d960b8c42e9b52d83c30709e4d34015b30b572d9622859e5544
dec_lo=9223372036854780468 dec_hi=0 edges=47 layers=2 ser_bytes=50521
CASE val=9223372036854780468 depth=10 seed0=119
serialized_ct_sha256 8bd1a0226e4b7d194be391db23a7e3eab973ce2c8854ebfb02739ee94d6f68a8
full_sigma_sha256 125e727a54ef0d9523dad82d0e477be949c9c9b789725230383d097b30172765
R_and_delta_sha256 507d0087df3e8b677d5898f065580064d5d7c2ded5ada8e64854e233b8c208f3
layer_numerator_sha256 f4d9f82bb8f91ab7bc248e546589387d272fd830b4f4ac75c5ac73e915253f11
PC_sha256 320ebbd79e88314ee6448e77eb55b99c4b620114919737cc1fce6e5879949c77
dec_lo=9223372036854780468 dec_hi=0 edges=82 layers=2 ser_bytes=88006
CASE val=9223372036854780468 depth=22 seed0=119
serialized_ct_sha256 772ef244f92e5db50a594de7dd00873553a5a3be25ef4d3264d45d58c0954c1c
full_sigma_sha256 06a6ebebbc7e120f297359f6fa2289261315b7257da44570f44b2c2b71f1b98f
R_and_delta_sha256 2c70bca14cda1ad468007d1428e646a17a1dc17fdc25f6db9c35677da4949885
layer_numerator_sha256 d68bbfa73fdca232ff7c625b6a144d81f32fe308afd001837bb0f7978a5b001f
PC_sha256 e447f4dfb336ea3f8434c08a22005b34ff61d4338e68b25bde33c476bd3c67ac
dec_lo=9223372036854780468 dec_hi=0 edges=117 layers=2 ser_bytes=125491
